2016-03-11 09:47:35,941 - INFO - 用户test登录, 登录成功!
2016-03-11 09:47:40,938 - INFO - 用户test执行命令help
2016-03-11 09:47:49,642 - INFO - 用户test执行命令help
2016-03-11 09:47:55,821 - INFO - 用户test执行命令help
2016-03-11 09:48:04,013 - INFO - 用户test执行命令show hosts -a
2016-03-11 09:48:19,704 - INFO - 用户test执行命令show hosts -g G01
2016-03-11 09:48:26,511 - INFO - 用户test执行命令q
2016-03-11 09:48:57,160 - INFO - 用户testt登录, 用户名不存在
2016-03-11 09:49:49,660 - INFO - 用户 sdf 登录, 用户名不存在
2016-03-11 09:50:52,538 - INFO - 用户 sdfas 登录失败, 用户名不存在
2016-03-11 09:51:06,580 - INFO - 用户 sdfisdf 登录失败, 用户名不存在
2016-03-11 09:51:12,912 - INFO - 用户 sfsdf 登录失败, 用户名不存在
2016-03-11 09:51:12,913 - INFO - 用户 sfsdf 尝试登录次数过多,系统退出!
2016-03-11 09:51:31,264 - INFO - 用户 test 登录失败, 用户名密码不正确
2016-03-11 09:51:34,872 - INFO - 用户 test 登录失败, 用户名密码不正确
2016-03-11 09:51:37,909 - INFO - 用户 test 登录失败, 用户名密码不正确
2016-03-11 09:51:37,909 - INFO - 用户 test 尝试登录次数过多,系统退出!
2016-03-11 09:52:04,345 - INFO - 用户 test 登录, 登录成功!
2016-03-11 09:52:08,976 - INFO - 用户 test 执行命令help: 
2016-03-11 09:52:12,849 - INFO - 用户 test 执行命令show hosts -s: 
2016-03-11 09:52:20,981 - INFO - 用户 test 执行命令show hosts -a: 
2016-03-11 09:52:51,786 - INFO - 用户 test 执行命令q: 
2016-03-11 09:52:57,694 - INFO - 用户 test 登录, 登录成功!
2016-03-11 09:52:59,351 - INFO - 用户 test 执行命令: help 
2016-03-11 09:53:04,521 - INFO - 用户 test 执行命令: show hosts -g g01 
2016-03-11 09:53:11,194 - INFO - 用户 test 执行命令: show hosts -g G01 
2016-03-11 09:53:17,614 - INFO - 用户 test 执行命令: show hosts -a 
2016-03-11 09:53:40,966 - INFO - 用户 test 执行命令: cmd -h 192.168.2.129 -c "df -hl" 
2016-03-11 09:54:31,904 - INFO - 用户 test 执行命令: cmd -h 192.168.2.129 -c "reboot" 
2016-03-11 09:56:42,565 - INFO - 用户 test 登录, 登录成功!
2016-03-11 09:56:54,205 - INFO - 用户 test 执行命令: cmd -h 192.168.2.129 -c "reboot" 
2016-03-11 09:57:13,454 - INFO - 用户 test 执行命令: cmd -h 192.168.2.129 -c "hostname" 
2016-03-11 09:57:23,759 - INFO - 用户 test 执行命令: help 
2016-03-11 09:57:38,595 - INFO - 用户 test 执行命令: cmd -g G01 -c "hostname" 
